<?xml version="1.0" encoding="UTF-8"?>
<robot generator="Robot 7.3.2 (Python 3.13.9 on darwin)" generated="2025-11-13T09:52:50.470018" rpa="false" schemaversion="5">
<suite id="s1" name="Tests" source="/Users/Ronja/Documents/TKT/ohtu/ohtu2025/viikko3/login/src/tests">
<suite id="s1-s1" name="Home" source="/Users/Ronja/Documents/TKT/ohtu/ohtu2025/viikko3/login/src/tests/home.robot">
<kw name="Open And Configure Browser" owner="resource" type="SETUP">
<if>
<branch type="IF" condition="$BROWSER == 'chrome'">
<kw name="Evaluate" owner="BuiltIn">
<msg time="2025-11-13T09:52:50.553223" level="INFO">${options} = &lt;selenium.webdriver.chrome.options.Options object at 0x107111be0&gt;</msg>
<var>${options}</var>
<arg>sys.modules['selenium.webdriver'].ChromeOptions()</arg>
<arg>sys</arg>
<doc>Evaluates the given expression in Python and returns the result.</doc>
<status status="PASS" start="2025-11-13T09:52:50.553113" elapsed="0.000126"/>
</kw>
<kw name="Call Method" owner="BuiltIn">
<arg>${options}</arg>
<arg>add_argument</arg>
<arg>--incognito</arg>
<doc>Calls the named method of the given object with the provided arguments.</doc>
<status status="PASS" start="2025-11-13T09:52:50.553293" elapsed="0.000051"/>
</kw>
<status status="PASS" start="2025-11-13T09:52:50.552858" elapsed="0.000511"/>
</branch>
<branch type="ELSE IF" condition="$BROWSER == 'firefox'">
<kw name="Evaluate" owner="BuiltIn">
<var>${options}</var>
<arg>sys.modules['selenium.webdriver'].FirefoxOptions()</arg>
<arg>sys</arg>
<doc>Evaluates the given expression in Python and returns the result.</doc>
<status status="NOT RUN" start="2025-11-13T09:52:50.553434" elapsed="0.000010"/>
</kw>
<kw name="Call Method" owner="BuiltIn">
<arg>${options}</arg>
<arg>add_argument</arg>
<arg>--private-window</arg>
<doc>Calls the named method of the given object with the provided arguments.</doc>
<status status="NOT RUN" start="2025-11-13T09:52:50.553475" elapsed="0.000008"/>
</kw>
<status status="NOT RUN" start="2025-11-13T09:52:50.553392" elapsed="0.000105"/>
</branch>
<status status="PASS" start="2025-11-13T09:52:50.552845" elapsed="0.000664"/>
</if>
<if>
<branch type="IF" condition="$HEADLESS == 'true'">
<kw name="Set Selenium Speed" owner="SeleniumLibrary">
<arg>0.05 seconds</arg>
<doc>Sets the delay that is waited after each Selenium command.</doc>
<status status="NOT RUN" start="2025-11-13T09:52:50.553587" elapsed="0.000009"/>
</kw>
<kw name="Call Method" owner="BuiltIn">
<arg>${options}</arg>
<arg>add_argument</arg>
<arg>--headless</arg>
<doc>Calls the named method of the given object with the provided arguments.</doc>
<status status="NOT RUN" start="2025-11-13T09:52:50.553624" elapsed="0.000008"/>
</kw>
<status status="NOT RUN" start="2025-11-13T09:52:50.553530" elapsed="0.000114"/>
</branch>
<branch type="ELSE">
<kw name="Set Selenium Speed" owner="SeleniumLibrary">
<arg>${DELAY}</arg>
<doc>Sets the delay that is waited after each Selenium command.</doc>
<status status="PASS" start="2025-11-13T09:52:50.553682" elapsed="0.000083"/>
</kw>
<status status="PASS" start="2025-11-13T09:52:50.553654" elapsed="0.000126"/>
</branch>
<status status="PASS" start="2025-11-13T09:52:50.553524" elapsed="0.000267"/>
</if>
<kw name="Open Browser" owner="SeleniumLibrary">
<msg time="2025-11-13T09:52:50.553915" level="INFO">Opening browser 'chrome' to base url 'None'.</msg>
<arg>browser=${BROWSER}</arg>
<arg>options=${options}</arg>
<doc>Opens a new browser instance to the optional ``url``.</doc>
<status status="PASS" start="2025-11-13T09:52:50.553829" elapsed="0.857313"/>
</kw>
<status status="PASS" start="2025-11-13T09:52:50.552767" elapsed="0.858608"/>
</kw>
<test id="s1-s1-t1" name="Click Login Link" line="8">
<kw name="Reset Application And Go To Starting Page" type="SETUP">
<kw name="Reset Application" owner="AppLibrary">
<status status="PASS" start="2025-11-13T09:52:51.412343" elapsed="0.005192"/>
</kw>
<kw name="Go To Starting Page">
<kw name="Go To" owner="SeleniumLibrary">
<msg time="2025-11-13T09:52:51.418038" level="INFO">Opening url 'http://localhost:5001'</msg>
<arg>${HOME_URL}</arg>
<doc>Navigates the current browser window to the provided ``url``.</doc>
<status status="PASS" start="2025-11-13T09:52:51.417958" elapsed="0.526697"/>
</kw>
<status status="PASS" start="2025-11-13T09:52:51.417756" elapsed="0.527272"/>
</kw>
<status status="PASS" start="2025-11-13T09:52:51.412140" elapsed="0.533040"/>
</kw>
<kw name="Click Link" owner="SeleniumLibrary">
<msg time="2025-11-13T09:52:51.946999" level="INFO">Clicking link 'Login'.</msg>
<arg>Login</arg>
<doc>Clicks a link identified by ``locator``.</doc>
<status status="PASS" start="2025-11-13T09:52:51.945884" elapsed="1.593954"/>
</kw>
<kw name="Login Page Should Be Open" owner="resource">
<kw name="Title Should Be" owner="SeleniumLibrary">
<msg time="2025-11-13T09:52:54.055398" level="INFO">Page title is 'Login'.</msg>
<arg>Login</arg>
<doc>Verifies that the current page title equals ``title``.</doc>
<status status="PASS" start="2025-11-13T09:52:53.541514" elapsed="0.514222"/>
</kw>
<status status="PASS" start="2025-11-13T09:52:53.540761" elapsed="0.515232"/>
</kw>
<status status="PASS" start="2025-11-13T09:52:51.411500" elapsed="2.644986"/>
</test>
<test id="s1-s1-t2" name="Click Register Link" line="12">
<kw name="Reset Application And Go To Starting Page" type="SETUP">
<kw name="Reset Application" owner="AppLibrary">
<status status="PASS" start="2025-11-13T09:52:54.058540" elapsed="0.004930"/>
</kw>
<kw name="Go To Starting Page">
<kw name="Go To" owner="SeleniumLibrary">
<msg time="2025-11-13T09:52:54.064297" level="INFO">Opening url 'http://localhost:5001'</msg>
<arg>${HOME_URL}</arg>
<doc>Navigates the current browser window to the provided ``url``.</doc>
<status status="PASS" start="2025-11-13T09:52:54.064098" elapsed="0.528539"/>
</kw>
<status status="PASS" start="2025-11-13T09:52:54.063758" elapsed="0.529242"/>
</kw>
<status status="PASS" start="2025-11-13T09:52:54.058006" elapsed="0.535144"/>
</kw>
<kw name="Click Link" owner="SeleniumLibrary">
<msg time="2025-11-13T09:52:54.594299" level="INFO">Clicking link 'Register new user'.</msg>
<arg>Register new user</arg>
<doc>Clicks a link identified by ``locator``.</doc>
<status status="PASS" start="2025-11-13T09:52:54.593742" elapsed="1.587295"/>
</kw>
<kw name="Register Page Should Be Open">
<kw name="Title Should Be" owner="SeleniumLibrary">
<msg time="2025-11-13T09:52:56.691350" level="INFO">Page title is 'Register'.</msg>
<arg>Register</arg>
<doc>Verifies that the current page title equals ``title``.</doc>
<status status="PASS" start="2025-11-13T09:52:56.182708" elapsed="0.509069"/>
</kw>
<status status="PASS" start="2025-11-13T09:52:56.181997" elapsed="0.510053"/>
</kw>
<status status="PASS" start="2025-11-13T09:52:54.057119" elapsed="2.635402"/>
</test>
<kw name="Close Browser" owner="SeleniumLibrary" type="TEARDOWN">
<doc>Closes the current browser.</doc>
<status status="PASS" start="2025-11-13T09:52:56.693926" elapsed="0.599242"/>
</kw>
<status status="PASS" start="2025-11-13T09:52:50.478400" elapsed="6.814860"/>
</suite>
<suite id="s1-s2" name="Login" source="/Users/Ronja/Documents/TKT/ohtu/ohtu2025/viikko3/login/src/tests/login.robot">
<kw name="Open And Configure Browser" owner="resource" type="SETUP">
<if>
<branch type="IF" condition="$BROWSER == 'chrome'">
<kw name="Evaluate" owner="BuiltIn">
<msg time="2025-11-13T09:52:57.296670" level="INFO">${options} = &lt;selenium.webdriver.chrome.options.Options object at 0x106af1a90&gt;</msg>
<var>${options}</var>
<arg>sys.modules['selenium.webdriver'].ChromeOptions()</arg>
<arg>sys</arg>
<doc>Evaluates the given expression in Python and returns the result.</doc>
<status status="PASS" start="2025-11-13T09:52:57.296482" elapsed="0.000209"/>
</kw>
<kw name="Call Method" owner="BuiltIn">
<arg>${options}</arg>
<arg>add_argument</arg>
<arg>--incognito</arg>
<doc>Calls the named method of the given object with the provided arguments.</doc>
<status status="PASS" start="2025-11-13T09:52:57.296756" elapsed="0.000075"/>
</kw>
<status status="PASS" start="2025-11-13T09:52:57.296281" elapsed="0.000577"/>
</branch>
<branch type="ELSE IF" condition="$BROWSER == 'firefox'">
<kw name="Evaluate" owner="BuiltIn">
<var>${options}</var>
<arg>sys.modules['selenium.webdriver'].FirefoxOptions()</arg>
<arg>sys</arg>
<doc>Evaluates the given expression in Python and returns the result.</doc>
<status status="NOT RUN" start="2025-11-13T09:52:57.297033" elapsed="0.000016"/>
</kw>
<kw name="Call Method" owner="BuiltIn">
<arg>${options}</arg>
<arg>add_argument</arg>
<arg>--private-window</arg>
<doc>Calls the named method of the given object with the provided arguments.</doc>
<status status="NOT RUN" start="2025-11-13T09:52:57.297099" elapsed="0.000013"/>
</kw>
<status status="NOT RUN" start="2025-11-13T09:52:57.296882" elapsed="0.000251"/>
</branch>
<status status="PASS" start="2025-11-13T09:52:57.296259" elapsed="0.000892"/>
</if>
<if>
<branch type="IF" condition="$HEADLESS == 'true'">
<kw name="Set Selenium Speed" owner="SeleniumLibrary">
<arg>0.05 seconds</arg>
<doc>Sets the delay that is waited after each Selenium command.</doc>
<status status="NOT RUN" start="2025-11-13T09:52:57.297273" elapsed="0.000014"/>
</kw>
<kw name="Call Method" owner="BuiltIn">
<arg>${options}</arg>
<arg>add_argument</arg>
<arg>--headless</arg>
<doc>Calls the named method of the given object with the provided arguments.</doc>
<status status="NOT RUN" start="2025-11-13T09:52:57.297330" elapsed="0.000013"/>
</kw>
<status status="NOT RUN" start="2025-11-13T09:52:57.297181" elapsed="0.000185"/>
</branch>
<branch type="ELSE">
<kw name="Set Selenium Speed" owner="SeleniumLibrary">
<arg>${DELAY}</arg>
<doc>Sets the delay that is waited after each Selenium command.</doc>
<status status="PASS" start="2025-11-13T09:52:57.297432" elapsed="0.000151"/>
</kw>
<status status="PASS" start="2025-11-13T09:52:57.297384" elapsed="0.000224"/>
</branch>
<status status="PASS" start="2025-11-13T09:52:57.297172" elapsed="0.000455"/>
</if>
<kw name="Open Browser" owner="SeleniumLibrary">
<msg time="2025-11-13T09:52:57.297831" level="INFO">Opening browser 'chrome' to base url 'None'.</msg>
<arg>browser=${BROWSER}</arg>
<arg>options=${options}</arg>
<doc>Opens a new browser instance to the optional ``url``.</doc>
<status status="PASS" start="2025-11-13T09:52:57.297688" elapsed="0.594076"/>
</kw>
<status status="PASS" start="2025-11-13T09:52:57.296161" elapsed="0.595749"/>
</kw>
<test id="s1-s2-t1" name="Login With Correct Credentials" line="8">
<kw name="Reset Application Create User And Go To Login Page" type="SETUP">
<kw name="Reset Application" owner="AppLibrary">
<status status="PASS" start="2025-11-13T09:52:57.892676" elapsed="0.003906"/>
</kw>
<kw name="Create User" owner="AppLibrary">
<arg>kalle</arg>
<arg>kalle123</arg>
<status status="PASS" start="2025-11-13T09:52:57.896726" elapsed="0.005895"/>
</kw>
<kw name="Go To Login Page" owner="resource">
<kw name="Go To" owner="SeleniumLibrary">
<msg time="2025-11-13T09:52:57.903017" level="INFO">Opening url 'http://localhost:5001/login'</msg>
<arg>${LOGIN_URL}</arg>
<doc>Navigates the current browser window to the provided ``url``.</doc>
<status status="PASS" start="2025-11-13T09:52:57.902924" elapsed="0.525897"/>
</kw>
<status status="PASS" start="2025-11-13T09:52:57.902757" elapsed="0.527172"/>
</kw>
<status status="PASS" start="2025-11-13T09:52:57.892502" elapsed="0.537773"/>
</kw>
<kw name="Set Username">
<kw name="Input Text" owner="SeleniumLibrary">
<msg time="2025-11-13T09:52:58.433139" level="INFO">Typing text 'kalle' into text field 'username'.</msg>
<arg>username</arg>
<arg>${username}</arg>
<doc>Types the given ``text`` into the text field identified by ``locator``.</doc>
<status status="PASS" start="2025-11-13T09:52:58.432411" elapsed="1.649684"/>
</kw>
<arg>kalle</arg>
<status status="PASS" start="2025-11-13T09:52:58.430756" elapsed="1.651681"/>
</kw>
<kw name="Set Password">
<kw name="Input Password" owner="SeleniumLibrary">
<msg time="2025-11-13T09:53:00.084230" level="INFO">Typing password into text field 'password'.</msg>
<msg time="2025-11-13T09:53:01.131154" level="INFO">Temporally setting log level to: NONE</msg>
<arg>password</arg>
<arg>${password}</arg>
<doc>Types the given password into the text field identified by ``locator``.</doc>
<status status="PASS" start="2025-11-13T09:53:00.083762" elapsed="1.585247"/>
</kw>
<arg>kalle123</arg>
<status status="PASS" start="2025-11-13T09:53:00.083039" elapsed="1.586197"/>
</kw>
<kw name="Click Button" owner="SeleniumLibrary">
<msg time="2025-11-13T09:53:01.670257" level="INFO">Clicking button 'Login'.</msg>
<arg>Login</arg>
<doc>Clicks the button identified by ``locator``.</doc>
<status status="PASS" start="2025-11-13T09:53:01.669715" elapsed="2.098167"/>
</kw>
<kw name="Login Should Succeed">
<kw name="Main Page Should Be Open" owner="resource">
<kw name="Title Should Be" owner="SeleniumLibrary">
<msg time="2025-11-13T09:53:04.282954" level="INFO">Page title is 'Ohtu Application main page'.</msg>
<arg>Ohtu Application main page</arg>
<doc>Verifies that the current page title equals ``title``.</doc>
<status status="PASS" start="2025-11-13T09:53:03.769960" elapsed="0.513330"/>
</kw>
<status status="PASS" start="2025-11-13T09:53:03.769433" elapsed="0.514121"/>
</kw>
<status status="PASS" start="2025-11-13T09:53:03.768725" elapsed="0.514972"/>
</kw>
<status status="PASS" start="2025-11-13T09:52:57.891992" elapsed="6.392183"/>
</test>
<test id="s1-s2-t2" name="Login With Incorrect Password" line="14">
<kw name="Reset Application Create User And Go To Login Page" type="SETUP">
<kw name="Reset Application" owner="AppLibrary">
<status status="PASS" start="2025-11-13T09:53:04.285869" elapsed="0.005498"/>
</kw>
<kw name="Create User" owner="AppLibrary">
<arg>kalle</arg>
<arg>kalle123</arg>
<status status="PASS" start="2025-11-13T09:53:04.291521" elapsed="0.007865"/>
</kw>
<kw name="Go To Login Page" owner="resource">
<kw name="Go To" owner="SeleniumLibrary">
<msg time="2025-11-13T09:53:04.300136" level="INFO">Opening url 'http://localhost:5001/login'</msg>
<arg>${LOGIN_URL}</arg>
<doc>Navigates the current browser window to the provided ``url``.</doc>
<status status="PASS" start="2025-11-13T09:53:04.299967" elapsed="0.524327"/>
</kw>
<status status="PASS" start="2025-11-13T09:53:04.299677" elapsed="0.524979"/>
</kw>
<status status="PASS" start="2025-11-13T09:53:04.285519" elapsed="0.539315"/>
</kw>
<kw name="Set Username">
<kw name="Input Text" owner="SeleniumLibrary">
<msg time="2025-11-13T09:53:04.826725" level="INFO">Typing text 'kalle' into text field 'username'.</msg>
<arg>username</arg>
<arg>${username}</arg>
<doc>Types the given ``text`` into the text field identified by ``locator``.</doc>
<status status="PASS" start="2025-11-13T09:53:04.826226" elapsed="1.570124"/>
</kw>
<arg>kalle</arg>
<status status="PASS" start="2025-11-13T09:53:04.825478" elapsed="1.571216"/>
</kw>
<kw name="Set Password">
<kw name="Input Password" owner="SeleniumLibrary">
<msg time="2025-11-13T09:53:06.398523" level="INFO">Typing password into text field 'password'.</msg>
<msg time="2025-11-13T09:53:07.429831" level="INFO">Temporally setting log level to: NONE</msg>
<arg>password</arg>
<arg>${password}</arg>
<doc>Types the given password into the text field identified by ``locator``.</doc>
<status status="PASS" start="2025-11-13T09:53:06.398034" elapsed="1.567970"/>
</kw>
<arg>kalle456</arg>
<status status="PASS" start="2025-11-13T09:53:06.397312" elapsed="1.569009"/>
</kw>
<kw name="Click Button" owner="SeleniumLibrary">
<msg time="2025-11-13T09:53:07.967312" level="INFO">Clicking button 'Login'.</msg>
<arg>Login</arg>
<doc>Clicks the button identified by ``locator``.</doc>
<status status="PASS" start="2025-11-13T09:53:07.966819" elapsed="2.077025"/>
</kw>
<kw name="Login Should Fail With Message">
<kw name="Login Page Should Be Open" owner="resource">
<kw name="Title Should Be" owner="SeleniumLibrary">
<msg time="2025-11-13T09:53:10.551473" level="INFO">Page title is 'Login'.</msg>
<arg>Login</arg>
<doc>Verifies that the current page title equals ``title``.</doc>
<status status="PASS" start="2025-11-13T09:53:10.044376" elapsed="0.507250"/>
</kw>
<status status="PASS" start="2025-11-13T09:53:10.044279" elapsed="0.507463"/>
</kw>
<kw name="Page Should Contain" owner="SeleniumLibrary">
<msg time="2025-11-13T09:53:11.576053" level="INFO">Current page contains text 'Invalid username or password'.</msg>
<arg>${message}</arg>
<doc>Verifies that current page contains ``text``.</doc>
<status status="PASS" start="2025-11-13T09:53:10.551894" elapsed="1.024453"/>
</kw>
<arg>Invalid username or password</arg>
<status status="PASS" start="2025-11-13T09:53:10.044103" elapsed="1.532495"/>
</kw>
<status status="PASS" start="2025-11-13T09:53:04.284770" elapsed="7.292259"/>
</test>
<test id="s1-s2-t3" name="Login With Nonexistent Username" line="20">
<kw name="Reset Application Create User And Go To Login Page" type="SETUP">
<kw name="Reset Application" owner="AppLibrary">
<status status="PASS" start="2025-11-13T09:53:11.578854" elapsed="0.004449"/>
</kw>
<kw name="Create User" owner="AppLibrary">
<arg>kalle</arg>
<arg>kalle123</arg>
<status status="PASS" start="2025-11-13T09:53:11.583462" elapsed="0.005014"/>
</kw>
<kw name="Go To Login Page" owner="resource">
<kw name="Go To" owner="SeleniumLibrary">
<msg time="2025-11-13T09:53:11.589017" level="INFO">Opening url 'http://localhost:5001/login'</msg>
<arg>${LOGIN_URL}</arg>
<doc>Navigates the current browser window to the provided ``url``.</doc>
<status status="PASS" start="2025-11-13T09:53:11.588897" elapsed="0.514755"/>
</kw>
<status status="PASS" start="2025-11-13T09:53:11.588662" elapsed="0.515341"/>
</kw>
<status status="PASS" start="2025-11-13T09:53:11.578360" elapsed="0.525801"/>
</kw>
<kw name="Set Username">
<kw name="Input Text" owner="SeleniumLibrary">
<msg time="2025-11-13T09:53:12.105987" level="INFO">Typing text 'matti' into text field 'username'.</msg>
<arg>username</arg>
<arg>${username}</arg>
<doc>Types the given ``text`` into the text field identified by ``locator``.</doc>
<status status="PASS" start="2025-11-13T09:53:12.105511" elapsed="1.572390"/>
</kw>
<arg>matti</arg>
<status status="PASS" start="2025-11-13T09:53:12.104770" elapsed="1.573511"/>
</kw>
<kw name="Set Password">
<kw name="Input Password" owner="SeleniumLibrary">
<msg time="2025-11-13T09:53:13.680339" level="INFO">Typing password into text field 'password'.</msg>
<msg time="2025-11-13T09:53:14.718894" level="INFO">Temporally setting log level to: NONE</msg>
<arg>password</arg>
<arg>${password}</arg>
<doc>Types the given password into the text field identified by ``locator``.</doc>
<status status="PASS" start="2025-11-13T09:53:13.679694" elapsed="1.573362"/>
</kw>
<arg>kalle123</arg>
<status status="PASS" start="2025-11-13T09:53:13.678911" elapsed="1.574468"/>
</kw>
<kw name="Click Button" owner="SeleniumLibrary">
<msg time="2025-11-13T09:53:15.254417" level="INFO">Clicking button 'Login'.</msg>
<arg>Login</arg>
<doc>Clicks the button identified by ``locator``.</doc>
<status status="PASS" start="2025-11-13T09:53:15.253879" elapsed="2.056364"/>
</kw>
<kw name="Login Should Fail With Message">
<kw name="Login Page Should Be Open" owner="resource">
<kw name="Title Should Be" owner="SeleniumLibrary">
<msg time="2025-11-13T09:53:17.821664" level="INFO">Page title is 'Login'.</msg>
<arg>Login</arg>
<doc>Verifies that the current page title equals ``title``.</doc>
<status status="PASS" start="2025-11-13T09:53:17.312373" elapsed="0.509627"/>
</kw>
<status status="PASS" start="2025-11-13T09:53:17.311969" elapsed="0.510298"/>
</kw>
<kw name="Page Should Contain" owner="SeleniumLibrary">
<msg time="2025-11-13T09:53:18.842592" level="INFO">Current page contains text 'Invalid username or password'.</msg>
<arg>${message}</arg>
<doc>Verifies that current page contains ``text``.</doc>
<status status="PASS" start="2025-11-13T09:53:17.822627" elapsed="1.020294"/>
</kw>
<arg>Invalid username or password</arg>
<status status="PASS" start="2025-11-13T09:53:17.311120" elapsed="1.532076"/>
</kw>
<status status="PASS" start="2025-11-13T09:53:11.577549" elapsed="7.266099"/>
</test>
<kw name="Close Browser" owner="SeleniumLibrary" type="TEARDOWN">
<doc>Closes the current browser.</doc>
<status status="PASS" start="2025-11-13T09:53:18.844765" elapsed="0.569433"/>
</kw>
<status status="PASS" start="2025-11-13T09:52:57.293734" elapsed="22.120709"/>
</suite>
<status status="PASS" start="2025-11-13T09:52:50.470462" elapsed="28.946371"/>
</suite>
<statistics>
<total>
<stat pass="5" fail="0" skip="0">All Tests</stat>
</total>
<tag>
</tag>
<suite>
<stat name="Tests" id="s1" pass="5" fail="0" skip="0">Tests</stat>
<stat name="Home" id="s1-s1" pass="2" fail="0" skip="0">Tests.Home</stat>
<stat name="Login" id="s1-s2" pass="3" fail="0" skip="0">Tests.Login</stat>
</suite>
</statistics>
<errors>
</errors>
</robot>
